{"C:\\Users\\nookd\\Desktop\\Projekty\\vatlayer\\frontend\\src\\pages\\HomePage\\constants.ts": {"path":"C:\\Users\\nookd\\Desktop\\Projekty\\vatlayer\\frontend\\src\\pages\\HomePage\\constants.ts","all":false,"statementMap":{"0":{"start":{"line":1,"column":0},"end":{"line":1,"column":33}},"1":{"start":{"line":2,"column":0},"end":{"line":2,"column":62}},"2":{"start":{"line":3,"column":0},"end":{"line":3,"column":54}},"3":{"start":{"line":4,"column":0},"end":{"line":4,"column":0}},"4":{"start":{"line":5,"column":0},"end":{"line":5,"column":8}},"5":{"start":{"line":6,"column":0},"end":{"line":6,"column":22}},"6":{"start":{"line":7,"column":0},"end":{"line":7,"column":20}},"7":{"start":{"line":8,"column":0},"end":{"line":8,"column":33}},"8":{"start":{"line":9,"column":0},"end":{"line":9,"column":2}}},"s":{"0":1,"1":1,"2":1,"3":1,"4":1,"5":1,"6":1,"7":1,"8":1},"branchMap":{},"b":{},"fnMap":{"0":{"name":"get","decl":{"start":{"line":8,"column":2},"end":{"line":8,"column":33}},"loc":{"start":{"line":8,"column":2},"end":{"line":8,"column":33}},"line":8}},"f":{"0":0}}
,"C:\\Users\\nookd\\Desktop\\Projekty\\vatlayer\\frontend\\src\\pages\\HomePage\\components\\Form\\Form.tsx": {"path":"C:\\Users\\nookd\\Desktop\\Projekty\\vatlayer\\frontend\\src\\pages\\HomePage\\components\\Form\\Form.tsx","all":false,"statementMap":{"0":{"start":{"line":1,"column":0},"end":{"line":1,"column":54}},"1":{"start":{"line":2,"column":0},"end":{"line":2,"column":37}},"2":{"start":{"line":3,"column":0},"end":{"line":3,"column":42}},"3":{"start":{"line":4,"column":0},"end":{"line":4,"column":62}},"4":{"start":{"line":5,"column":0},"end":{"line":5,"column":64}},"5":{"start":{"line":6,"column":0},"end":{"line":6,"column":66}},"6":{"start":{"line":7,"column":0},"end":{"line":7,"column":26}},"7":{"start":{"line":8,"column":0},"end":{"line":8,"column":39}},"8":{"start":{"line":9,"column":0},"end":{"line":9,"column":65}},"9":{"start":{"line":10,"column":0},"end":{"line":10,"column":0}},"10":{"start":{"line":11,"column":0},"end":{"line":11,"column":18}},"11":{"start":{"line":12,"column":0},"end":{"line":12,"column":48}},"12":{"start":{"line":13,"column":0},"end":{"line":13,"column":2}},"13":{"start":{"line":14,"column":0},"end":{"line":14,"column":0}},"14":{"start":{"line":15,"column":0},"end":{"line":15,"column":61}},"15":{"start":{"line":16,"column":0},"end":{"line":16,"column":52}},"16":{"start":{"line":17,"column":0},"end":{"line":17,"column":9}},"17":{"start":{"line":18,"column":0},"end":{"line":18,"column":13}},"18":{"start":{"line":19,"column":0},"end":{"line":19,"column":17}},"19":{"start":{"line":20,"column":0},"end":{"line":20,"column":26}},"20":{"start":{"line":21,"column":0},"end":{"line":21,"column":10}},"21":{"start":{"line":22,"column":0},"end":{"line":22,"column":25}},"22":{"start":{"line":23,"column":0},"end":{"line":23,"column":44}},"23":{"start":{"line":24,"column":0},"end":{"line":24,"column":5}},"24":{"start":{"line":25,"column":0},"end":{"line":25,"column":0}},"25":{"start":{"line":26,"column":0},"end":{"line":26,"column":47}},"26":{"start":{"line":27,"column":0},"end":{"line":27,"column":0}},"27":{"start":{"line":28,"column":0},"end":{"line":28,"column":46}},"28":{"start":{"line":29,"column":0},"end":{"line":29,"column":23}},"29":{"start":{"line":30,"column":0},"end":{"line":30,"column":40}},"30":{"start":{"line":31,"column":0},"end":{"line":31,"column":0}},"31":{"start":{"line":32,"column":0},"end":{"line":32,"column":9}},"32":{"start":{"line":33,"column":0},"end":{"line":33,"column":59}},"33":{"start":{"line":34,"column":0},"end":{"line":34,"column":28}},"34":{"start":{"line":35,"column":0},"end":{"line":35,"column":0}},"35":{"start":{"line":36,"column":0},"end":{"line":36,"column":78}},"36":{"start":{"line":37,"column":0},"end":{"line":37,"column":0}},"37":{"start":{"line":38,"column":0},"end":{"line":38,"column":23}},"38":{"start":{"line":39,"column":0},"end":{"line":39,"column":55}},"39":{"start":{"line":40,"column":0},"end":{"line":40,"column":58}},"40":{"start":{"line":41,"column":0},"end":{"line":41,"column":29}},"41":{"start":{"line":42,"column":0},"end":{"line":42,"column":41}},"42":{"start":{"line":43,"column":0},"end":{"line":43,"column":40}},"43":{"start":{"line":44,"column":0},"end":{"line":44,"column":10}},"44":{"start":{"line":45,"column":0},"end":{"line":45,"column":14}},"45":{"start":{"line":46,"column":0},"end":{"line":46,"column":29}},"46":{"start":{"line":47,"column":0},"end":{"line":47,"column":41}},"47":{"start":{"line":48,"column":0},"end":{"line":48,"column":32}},"48":{"start":{"line":49,"column":0},"end":{"line":49,"column":10}},"49":{"start":{"line":50,"column":0},"end":{"line":50,"column":7}},"50":{"start":{"line":51,"column":0},"end":{"line":51,"column":0}},"51":{"start":{"line":52,"column":0},"end":{"line":52,"column":14}},"52":{"start":{"line":53,"column":0},"end":{"line":53,"column":28}},"53":{"start":{"line":54,"column":0},"end":{"line":54,"column":21}},"54":{"start":{"line":55,"column":0},"end":{"line":55,"column":26}},"55":{"start":{"line":56,"column":0},"end":{"line":56,"column":5}},"56":{"start":{"line":57,"column":0},"end":{"line":57,"column":24}},"57":{"start":{"line":58,"column":0},"end":{"line":58,"column":4}},"58":{"start":{"line":59,"column":0},"end":{"line":59,"column":0}},"59":{"start":{"line":60,"column":0},"end":{"line":60,"column":32}},"60":{"start":{"line":61,"column":0},"end":{"line":61,"column":0}},"61":{"start":{"line":62,"column":0},"end":{"line":62,"column":33}},"62":{"start":{"line":63,"column":0},"end":{"line":63,"column":53}},"63":{"start":{"line":64,"column":0},"end":{"line":64,"column":37}},"64":{"start":{"line":65,"column":0},"end":{"line":65,"column":53}},"65":{"start":{"line":66,"column":0},"end":{"line":66,"column":4}},"66":{"start":{"line":67,"column":0},"end":{"line":67,"column":0}},"67":{"start":{"line":68,"column":0},"end":{"line":68,"column":10}},"68":{"start":{"line":69,"column":0},"end":{"line":69,"column":44}},"69":{"start":{"line":70,"column":0},"end":{"line":70,"column":52}},"70":{"start":{"line":71,"column":0},"end":{"line":71,"column":47}},"71":{"start":{"line":72,"column":0},"end":{"line":72,"column":61}},"72":{"start":{"line":73,"column":0},"end":{"line":73,"column":16}},"73":{"start":{"line":74,"column":0},"end":{"line":74,"column":14}},"74":{"start":{"line":75,"column":0},"end":{"line":75,"column":18}},"75":{"start":{"line":76,"column":0},"end":{"line":76,"column":23}},"76":{"start":{"line":77,"column":0},"end":{"line":77,"column":38}},"77":{"start":{"line":78,"column":0},"end":{"line":78,"column":61}},"78":{"start":{"line":79,"column":0},"end":{"line":79,"column":39}},"79":{"start":{"line":80,"column":0},"end":{"line":80,"column":13}},"80":{"start":{"line":81,"column":0},"end":{"line":81,"column":27}},"81":{"start":{"line":82,"column":0},"end":{"line":82,"column":49}},"82":{"start":{"line":83,"column":0},"end":{"line":83,"column":33}},"83":{"start":{"line":84,"column":0},"end":{"line":84,"column":13}},"84":{"start":{"line":85,"column":0},"end":{"line":85,"column":12}},"85":{"start":{"line":86,"column":0},"end":{"line":86,"column":30}},"86":{"start":{"line":87,"column":0},"end":{"line":87,"column":10}},"87":{"start":{"line":88,"column":0},"end":{"line":88,"column":24}},"88":{"start":{"line":89,"column":0},"end":{"line":89,"column":35}},"89":{"start":{"line":90,"column":0},"end":{"line":90,"column":58}},"90":{"start":{"line":91,"column":0},"end":{"line":91,"column":45}},"91":{"start":{"line":92,"column":0},"end":{"line":92,"column":19}},"92":{"start":{"line":93,"column":0},"end":{"line":93,"column":18}},"93":{"start":{"line":94,"column":0},"end":{"line":94,"column":10}},"94":{"start":{"line":95,"column":0},"end":{"line":95,"column":77}},"95":{"start":{"line":96,"column":0},"end":{"line":96,"column":22}},"96":{"start":{"line":97,"column":0},"end":{"line":97,"column":17}},"97":{"start":{"line":98,"column":0},"end":{"line":98,"column":12}},"98":{"start":{"line":99,"column":0},"end":{"line":99,"column":11}},"99":{"start":{"line":100,"column":0},"end":{"line":100,"column":4}},"100":{"start":{"line":101,"column":0},"end":{"line":101,"column":2}}},"s":{"0":1,"1":1,"2":1,"3":1,"4":1,"5":1,"6":1,"7":1,"8":1,"9":1,"10":1,"11":1,"12":1,"13":1,"14":1,"15":4,"16":4,"17":4,"18":4,"19":4,"20":4,"21":4,"22":4,"23":4,"24":4,"25":4,"26":4,"27":4,"28":0,"29":0,"30":0,"31":0,"32":0,"33":0,"34":0,"35":0,"36":0,"37":0,"38":0,"39":0,"40":0,"41":0,"42":0,"43":0,"44":0,"45":0,"46":0,"47":0,"48":0,"49":0,"50":0,"51":0,"52":0,"53":0,"54":0,"55":0,"56":0,"57":0,"58":4,"59":4,"60":4,"61":4,"62":0,"63":4,"64":0,"65":0,"66":4,"67":4,"68":4,"69":4,"70":4,"71":4,"72":4,"73":4,"74":4,"75":4,"76":4,"77":4,"78":4,"79":4,"80":4,"81":0,"82":0,"83":0,"84":0,"85":4,"86":4,"87":4,"88":0,"89":0,"90":0,"91":0,"92":0,"93":4,"94":4,"95":4,"96":4,"97":4,"98":4,"99":4,"100":4},"branchMap":{"0":{"type":"branch","line":15,"loc":{"start":{"line":15,"column":35},"end":{"line":101,"column":2}},"locations":[{"start":{"line":15,"column":35},"end":{"line":101,"column":2}}]},"1":{"type":"branch","line":79,"loc":{"start":{"line":79,"column":12},"end":{"line":79,"column":39}},"locations":[{"start":{"line":79,"column":12},"end":{"line":79,"column":39}}]},"2":{"type":"branch","line":88,"loc":{"start":{"line":88,"column":9},"end":{"line":93,"column":18}},"locations":[{"start":{"line":88,"column":9},"end":{"line":93,"column":18}}]},"3":{"type":"branch","line":95,"loc":{"start":{"line":95,"column":51},"end":{"line":95,"column":77}},"locations":[{"start":{"line":95,"column":51},"end":{"line":95,"column":77}}]},"4":{"type":"branch","line":101,"loc":{"start":{"line":101,"column":0},"end":{"line":101,"column":2}},"locations":[{"start":{"line":101,"column":0},"end":{"line":101,"column":2}}]}},"b":{"0":[4],"1":[0],"2":[0],"3":[0],"4":[4]},"fnMap":{"0":{"name":"Form","decl":{"start":{"line":15,"column":35},"end":{"line":101,"column":2}},"loc":{"start":{"line":15,"column":35},"end":{"line":101,"column":2}},"line":15},"1":{"name":"onSubmit","decl":{"start":{"line":28,"column":19},"end":{"line":58,"column":4}},"loc":{"start":{"line":28,"column":19},"end":{"line":58,"column":4}},"line":28},"2":{"name":"errorNotification","decl":{"start":{"line":62,"column":28},"end":{"line":63,"column":53}},"loc":{"start":{"line":62,"column":28},"end":{"line":63,"column":53}},"line":62},"3":{"name":"successNotification","decl":{"start":{"line":64,"column":30},"end":{"line":66,"column":4}},"loc":{"start":{"line":64,"column":30},"end":{"line":66,"column":4}},"line":64},"4":{"name":"onKeyDown","decl":{"start":{"line":81,"column":21},"end":{"line":85,"column":12}},"loc":{"start":{"line":81,"column":21},"end":{"line":85,"column":12}},"line":81},"5":{"name":"get","decl":{"start":{"line":101,"column":0},"end":{"line":101,"column":2}},"loc":{"start":{"line":101,"column":0},"end":{"line":101,"column":2}},"line":101}},"f":{"0":4,"1":0,"2":0,"3":0,"4":0,"5":4}}
,"C:\\Users\\nookd\\Desktop\\Projekty\\vatlayer\\frontend\\src\\pages\\HomePage\\hooks\\useBuildUrlQuery.ts": {"path":"C:\\Users\\nookd\\Desktop\\Projekty\\vatlayer\\frontend\\src\\pages\\HomePage\\hooks\\useBuildUrlQuery.ts","all":false,"statementMap":{"0":{"start":{"line":1,"column":0},"end":{"line":1,"column":70}},"1":{"start":{"line":2,"column":0},"end":{"line":2,"column":0}},"2":{"start":{"line":3,"column":0},"end":{"line":3,"column":39}},"3":{"start":{"line":4,"column":0},"end":{"line":4,"column":42}},"4":{"start":{"line":5,"column":0},"end":{"line":5,"column":39}},"5":{"start":{"line":6,"column":0},"end":{"line":6,"column":52}},"6":{"start":{"line":7,"column":0},"end":{"line":7,"column":40}},"7":{"start":{"line":8,"column":0},"end":{"line":8,"column":49}},"8":{"start":{"line":9,"column":0},"end":{"line":9,"column":18}},"9":{"start":{"line":10,"column":0},"end":{"line":10,"column":37}},"10":{"start":{"line":11,"column":0},"end":{"line":11,"column":4}},"11":{"start":{"line":12,"column":0},"end":{"line":12,"column":0}},"12":{"start":{"line":13,"column":0},"end":{"line":13,"column":27}},"13":{"start":{"line":14,"column":0},"end":{"line":14,"column":2}}},"s":{"0":1,"1":1,"2":1,"3":4,"4":0,"5":0,"6":0,"7":0,"8":0,"9":0,"10":0,"11":4,"12":4,"13":4},"branchMap":{"0":{"type":"branch","line":3,"loc":{"start":{"line":3,"column":32},"end":{"line":14,"column":2}},"locations":[{"start":{"line":3,"column":32},"end":{"line":14,"column":2}}]},"1":{"type":"branch","line":14,"loc":{"start":{"line":14,"column":0},"end":{"line":14,"column":2}},"locations":[{"start":{"line":14,"column":0},"end":{"line":14,"column":2}}]}},"b":{"0":[4],"1":[4]},"fnMap":{"0":{"name":"useBuildUrlQuery","decl":{"start":{"line":3,"column":32},"end":{"line":14,"column":2}},"loc":{"start":{"line":3,"column":32},"end":{"line":14,"column":2}},"line":3},"1":{"name":"buildUrlQuery","decl":{"start":{"line":4,"column":24},"end":{"line":11,"column":4}},"loc":{"start":{"line":4,"column":24},"end":{"line":11,"column":4}},"line":4},"2":{"name":"get","decl":{"start":{"line":14,"column":0},"end":{"line":14,"column":2}},"loc":{"start":{"line":14,"column":0},"end":{"line":14,"column":2}},"line":14}},"f":{"0":4,"1":0,"2":4}}
,"C:\\Users\\nookd\\Desktop\\Projekty\\vatlayer\\frontend\\src\\pages\\HomePage\\schemes\\validationSchema.ts": {"path":"C:\\Users\\nookd\\Desktop\\Projekty\\vatlayer\\frontend\\src\\pages\\HomePage\\schemes\\validationSchema.ts","all":false,"statementMap":{"0":{"start":{"line":1,"column":0},"end":{"line":1,"column":27}},"1":{"start":{"line":2,"column":0},"end":{"line":2,"column":0}},"2":{"start":{"line":3,"column":0},"end":{"line":3,"column":44}},"3":{"start":{"line":4,"column":0},"end":{"line":4,"column":10}},"4":{"start":{"line":5,"column":0},"end":{"line":5,"column":13}},"5":{"start":{"line":6,"column":0},"end":{"line":6,"column":51}},"6":{"start":{"line":7,"column":0},"end":{"line":7,"column":51}},"7":{"start":{"line":8,"column":0},"end":{"line":8,"column":43}},"8":{"start":{"line":9,"column":0},"end":{"line":9,"column":41}},"9":{"start":{"line":10,"column":0},"end":{"line":10,"column":3}}},"s":{"0":1,"1":1,"2":1,"3":1,"4":1,"5":1,"6":1,"7":1,"8":1,"9":1},"branchMap":{"0":{"type":"branch","line":10,"loc":{"start":{"line":10,"column":1},"end":{"line":10,"column":3}},"locations":[{"start":{"line":10,"column":1},"end":{"line":10,"column":3}}]}},"b":{"0":[4]},"fnMap":{"0":{"name":"get","decl":{"start":{"line":10,"column":1},"end":{"line":10,"column":3}},"loc":{"start":{"line":10,"column":1},"end":{"line":10,"column":3}},"line":10}},"f":{"0":4}}
}
